./tools/usualtools/del_strange0xa1.sh: 行 10: rt-thread/bsp/imx6sx/iMX6_Platform_SDK/sdk/drivers/sdma/doc/SDMA: 没有那个文件或目录
mv: 无法获取'temp.txt' 的文件状态(stat): 没有那个文件或目录
./tools/usualtools/del_strange0xa1.sh: 行 10: SDK: 没有那个文件或目录
mv: 无法获取'temp.txt' 的文件状态(stat): 没有那个文件或目录
./tools/usualtools/del_strange0xa1.sh: 行 10: User: 没有那个文件或目录
mv: 无法获取'temp.txt' 的文件状态(stat): 没有那个文件或目录
./tools/usualtools/del_strange0xa1.sh: 行 10: Guide.doc: 没有那个文件或目录
mv: 无法获取'temp.txt' 的文件状态(stat): 没有那个文件或目录
./tools/usualtools/del_strange0xa1.sh: 行 10: rt-thread/bsp/imxrt/docs/AN13232: 没有那个文件或目录
mv: 无法获取'temp.txt' 的文件状态(stat): 没有那个文件或目录
./tools/usualtools/del_strange0xa1.sh: 行 10: -: 没有那个文件或目录
mv: 无法获取'temp.txt' 的文件状态(stat): 没有那个文件或目录
./tools/usualtools/del_strange0xa1.sh: 行 10: RT-Thread: 没有那个文件或目录
mv: 无法获取'temp.txt' 的文件状态(stat): 没有那个文件或目录
./tools/usualtools/del_strange0xa1.sh: 行 10: Board: 没有那个文件或目录
mv: 无法获取'temp.txt' 的文件状态(stat): 没有那个文件或目录
./tools/usualtools/del_strange0xa1.sh: 行 10: Port: 没有那个文件或目录
mv: 无法获取'temp.txt' 的文件状态(stat): 没有那个文件或目录
./tools/usualtools/del_strange0xa1.sh: 行 10: and: 没有那个文件或目录
mv: 无法获取'temp.txt' 的文件状态(stat): 没有那个文件或目录
./tools/usualtools/del_strange0xa1.sh: 行 10: Application: 没有那个文件或目录
mv: 无法获取'temp.txt' 的文件状态(stat): 没有那个文件或目录
./tools/usualtools/del_strange0xa1.sh: 行 10: Development.pdf: 没有那个文件或目录
mv: 无法获取'temp.txt' 的文件状态(stat): 没有那个文件或目录
./tools/usualtools/del_strange0xa1.sh: 行 10: rt-thread/bsp/Infineon/psoc6-pioneerkit_modus/.mtbLaunchConfigs/psoc6-pioneerkit_modus: 没有那个文件或目录
mv: 无法获取'temp.txt' 的文件状态(stat): 没有那个文件或目录
./tools/usualtools/del_strange0xa1.sh: 行 10: Erase: 没有那个文件或目录
mv: 无法获取'temp.txt' 的文件状态(stat): 没有那个文件或目录
./tools/usualtools/del_strange0xa1.sh: 行 10: (KitProg3).launch: 没有那个文件或目录
mv: 无法获取'temp.txt' 的文件状态(stat): 没有那个文件或目录
./tools/usualtools/del_strange0xa1.sh: 行 10: rt-thread/bsp/Infineon/psoc6-pioneerkit_modus/.mtbLaunchConfigs/psoc6-pioneerkit_modus: 没有那个文件或目录
mv: 无法获取'temp.txt' 的文件状态(stat): 没有那个文件或目录
./tools/usualtools/del_strange0xa1.sh: 行 10: Attach: 没有那个文件或目录
mv: 无法获取'temp.txt' 的文件状态(stat): 没有那个文件或目录
./tools/usualtools/del_strange0xa1.sh: 行 10: (KitProg3).launch: 没有那个文件或目录
mv: 无法获取'temp.txt' 的文件状态(stat): 没有那个文件或目录
./tools/usualtools/del_strange0xa1.sh: 行 10: rt-thread/bsp/Infineon/psoc6-pioneerkit_modus/.mtbLaunchConfigs/psoc6-pioneerkit_modus: 没有那个文件或目录
mv: 无法获取'temp.txt' 的文件状态(stat): 没有那个文件或目录
./tools/usualtools/del_strange0xa1.sh: 行 10: Program: 没有那个文件或目录
mv: 无法获取'temp.txt' 的文件状态(stat): 没有那个文件或目录
./tools/usualtools/del_strange0xa1.sh: 行 10: (JLink).launch: 没有那个文件或目录
mv: 无法获取'temp.txt' 的文件状态(stat): 没有那个文件或目录
./tools/usualtools/del_strange0xa1.sh: 行 10: rt-thread/bsp/Infineon/psoc6-pioneerkit_modus/.mtbLaunchConfigs/psoc6-pioneerkit_modus: 没有那个文件或目录
mv: 无法获取'temp.txt' 的文件状态(stat): 没有那个文件或目录
./tools/usualtools/del_strange0xa1.sh: 行 10: Debug: 没有那个文件或目录
mv: 无法获取'temp.txt' 的文件状态(stat): 没有那个文件或目录
./tools/usualtools/del_strange0xa1.sh: 行 10: (KitProg3).launch: 没有那个文件或目录
mv: 无法获取'temp.txt' 的文件状态(stat): 没有那个文件或目录
./tools/usualtools/del_strange0xa1.sh: 行 10: rt-thread/bsp/Infineon/psoc6-pioneerkit_modus/.mtbLaunchConfigs/psoc6-pioneerkit_modus: 没有那个文件或目录
mv: 无法获取'temp.txt' 的文件状态(stat): 没有那个文件或目录
./tools/usualtools/del_strange0xa1.sh: 行 10: Attach: 没有那个文件或目录
mv: 无法获取'temp.txt' 的文件状态(stat): 没有那个文件或目录
./tools/usualtools/del_strange0xa1.sh: 行 10: (JLink).launch: 没有那个文件或目录
mv: 无法获取'temp.txt' 的文件状态(stat): 没有那个文件或目录
./tools/usualtools/del_strange0xa1.sh: 行 10: rt-thread/bsp/Infineon/psoc6-pioneerkit_modus/.mtbLaunchConfigs/psoc6-pioneerkit_modus: 没有那个文件或目录
mv: 无法获取'temp.txt' 的文件状态(stat): 没有那个文件或目录
./tools/usualtools/del_strange0xa1.sh: 行 10: Debug: 没有那个文件或目录
mv: 无法获取'temp.txt' 的文件状态(stat): 没有那个文件或目录
./tools/usualtools/del_strange0xa1.sh: 行 10: (JLink).launch: 没有那个文件或目录
mv: 无法获取'temp.txt' 的文件状态(stat): 没有那个文件或目录
./tools/usualtools/del_strange0xa1.sh: 行 10: rt-thread/bsp/Infineon/psoc6-pioneerkit_modus/.mtbLaunchConfigs/psoc6-pioneerkit_modus: 没有那个文件或目录
mv: 无法获取'temp.txt' 的文件状态(stat): 没有那个文件或目录
./tools/usualtools/del_strange0xa1.sh: 行 10: Program: 没有那个文件或目录
mv: 无法获取'temp.txt' 的文件状态(stat): 没有那个文件或目录
./tools/usualtools/del_strange0xa1.sh: 行 10: (KitProg3).launch: 没有那个文件或目录
mv: 无法获取'temp.txt' 的文件状态(stat): 没有那个文件或目录
./tools/usualtools/del_strange0xa1.sh: 行 10: rt-thread/bsp/Infineon/psoc6-pioneerkit_modus/.mtbLaunchConfigs/psoc6-pioneerkit_modus: 没有那个文件或目录
mv: 无法获取'temp.txt' 的文件状态(stat): 没有那个文件或目录
./tools/usualtools/del_strange0xa1.sh: 行 10: Erase: 没有那个文件或目录
mv: 无法获取'temp.txt' 的文件状态(stat): 没有那个文件或目录
./tools/usualtools/del_strange0xa1.sh: 行 10: (JLink).launch: 没有那个文件或目录
mv: 无法获取'temp.txt' 的文件状态(stat): 没有那个文件或目录
./tools/usualtools/del_strange0xa1.sh: 行 10: rt-thread/bsp/Infineon/psoc6-pioneerkit_modus/libs/psoc6make/make/scripts/eclipse/Debug: 没有那个文件或目录
mv: 无法获取'temp.txt' 的文件状态(stat): 没有那个文件或目录
./tools/usualtools/del_strange0xa1.sh: 行 10: (JLink).xml: 没有那个文件或目录
mv: 无法获取'temp.txt' 的文件状态(stat): 没有那个文件或目录
./tools/usualtools/del_strange0xa1.sh: 行 10: rt-thread/bsp/Infineon/psoc6-pioneerkit_modus/libs/psoc6make/make/scripts/eclipse/Program: 没有那个文件或目录
mv: 无法获取'temp.txt' 的文件状态(stat): 没有那个文件或目录
./tools/usualtools/del_strange0xa1.sh: 行 10: (KitProg3).xml: 没有那个文件或目录
mv: 无法获取'temp.txt' 的文件状态(stat): 没有那个文件或目录
./tools/usualtools/del_strange0xa1.sh: 行 10: rt-thread/bsp/Infineon/psoc6-pioneerkit_modus/libs/psoc6make/make/scripts/eclipse/Erase: 没有那个文件或目录
mv: 无法获取'temp.txt' 的文件状态(stat): 没有那个文件或目录
./tools/usualtools/del_strange0xa1.sh: 行 10: (KitProg3).xml: 没有那个文件或目录
mv: 无法获取'temp.txt' 的文件状态(stat): 没有那个文件或目录
./tools/usualtools/del_strange0xa1.sh: 行 10: rt-thread/bsp/Infineon/psoc6-pioneerkit_modus/libs/psoc6make/make/scripts/eclipse/Attach: 没有那个文件或目录
mv: 无法获取'temp.txt' 的文件状态(stat): 没有那个文件或目录
./tools/usualtools/del_strange0xa1.sh: 行 10: (JLink).xml: 没有那个文件或目录
mv: 无法获取'temp.txt' 的文件状态(stat): 没有那个文件或目录
./tools/usualtools/del_strange0xa1.sh: 行 10: rt-thread/bsp/Infineon/psoc6-pioneerkit_modus/libs/psoc6make/make/scripts/eclipse/Program: 没有那个文件或目录
mv: 无法获取'temp.txt' 的文件状态(stat): 没有那个文件或目录
./tools/usualtools/del_strange0xa1.sh: 行 10: (JLink).xml: 没有那个文件或目录
mv: 无法获取'temp.txt' 的文件状态(stat): 没有那个文件或目录
./tools/usualtools/del_strange0xa1.sh: 行 10: rt-thread/bsp/Infineon/psoc6-pioneerkit_modus/libs/psoc6make/make/scripts/eclipse/Erase: 没有那个文件或目录
mv: 无法获取'temp.txt' 的文件状态(stat): 没有那个文件或目录
./tools/usualtools/del_strange0xa1.sh: 行 10: (JLink).xml: 没有那个文件或目录
mv: 无法获取'temp.txt' 的文件状态(stat): 没有那个文件或目录
./tools/usualtools/del_strange0xa1.sh: 行 10: rt-thread/bsp/Infineon/psoc6-pioneerkit_modus/libs/psoc6make/make/scripts/eclipse/Attach: 没有那个文件或目录
mv: 无法获取'temp.txt' 的文件状态(stat): 没有那个文件或目录
./tools/usualtools/del_strange0xa1.sh: 行 10: (KitProg3).xml: 没有那个文件或目录
mv: 无法获取'temp.txt' 的文件状态(stat): 没有那个文件或目录
./tools/usualtools/del_strange0xa1.sh: 行 10: rt-thread/bsp/Infineon/psoc6-pioneerkit_modus/libs/psoc6make/make/scripts/eclipse/Debug: 没有那个文件或目录
mv: 无法获取'temp.txt' 的文件状态(stat): 没有那个文件或目录
./tools/usualtools/del_strange0xa1.sh: 行 10: (KitProg3).xml: 没有那个文件或目录
mv: 无法获取'temp.txt' 的文件状态(stat): 没有那个文件或目录
./tools/usualtools/del_strange0xa1.sh: 行 10: rt-thread/bsp/mm32f103x/figures/MM32: 没有那个文件或目录
mv: 无法获取'temp.txt' 的文件状态(stat): 没有那个文件或目录
./tools/usualtools/del_strange0xa1.sh: 行 10: MiniBoard: 没有那个文件或目录
mv: 无法获取'temp.txt' 的文件状态(stat): 没有那个文件或目录
./tools/usualtools/del_strange0xa1.sh: 行 10: Rev.D2_1.jpg: 没有那个文件或目录
mv: 无法获取'temp.txt' 的文件状态(stat): 没有那个文件或目录
./tools/usualtools/del_strange0xa1.sh: 行 10: rt-thread/bsp/mm32f103x/figures/MM32: 没有那个文件或目录
mv: 无法获取'temp.txt' 的文件状态(stat): 没有那个文件或目录
./tools/usualtools/del_strange0xa1.sh: 行 10: MiniBoard: 没有那个文件或目录
mv: 无法获取'temp.txt' 的文件状态(stat): 没有那个文件或目录
./tools/usualtools/del_strange0xa1.sh: 行 10: Rev.D2_2.jpg: 没有那个文件或目录
mv: 无法获取'temp.txt' 的文件状态(stat): 没有那个文件或目录
./tools/usualtools/del_strange0xa1.sh: 行 10: rt-thread/bsp/apollo2/apollo2: 没有那个文件或目录
mv: 无法获取'temp.txt' 的文件状态(stat): 没有那个文件或目录
./tools/usualtools/del_strange0xa1.sh: 行 10: evaluation: 没有那个文件或目录
mv: 无法获取'temp.txt' 的文件状态(stat): 没有那个文件或目录
./tools/usualtools/del_strange0xa1.sh: 行 10: board: 没有那个文件或目录
mv: 无法获取'temp.txt' 的文件状态(stat): 没有那个文件或目录
./tools/usualtools/del_strange0xa1.sh: 行 10: skt.jpg: 没有那个文件或目录
mv: 无法获取'temp.txt' 的文件状态(stat): 没有那个文件或目录
./tools/usualtools/del_strange0xa1.sh: 行 10: rt-thread/bsp/mm32l07x/figures/MM32: 没有那个文件或目录
mv: 无法获取'temp.txt' 的文件状态(stat): 没有那个文件或目录
./tools/usualtools/del_strange0xa1.sh: 行 10: MiniBoard: 没有那个文件或目录
mv: 无法获取'temp.txt' 的文件状态(stat): 没有那个文件或目录
./tools/usualtools/del_strange0xa1.sh: 行 10: Rev.D2_1.jpg: 没有那个文件或目录
mv: 无法获取'temp.txt' 的文件状态(stat): 没有那个文件或目录
./tools/usualtools/del_strange0xa1.sh: 行 10: rt-thread/bsp/mm32l07x/figures/MM32: 没有那个文件或目录
mv: 无法获取'temp.txt' 的文件状态(stat): 没有那个文件或目录
./tools/usualtools/del_strange0xa1.sh: 行 10: MiniBoard: 没有那个文件或目录
mv: 无法获取'temp.txt' 的文件状态(stat): 没有那个文件或目录
./tools/usualtools/del_strange0xa1.sh: 行 10: Rev.D2_2.jpg: 没有那个文件或目录
mv: 无法获取'temp.txt' 的文件状态(stat): 没有那个文件或目录
./tools/usualtools/del_strange0xa1.sh: 行 10: rt-thread/bsp/mm32l07x/Libraries/MM32L0xx/change: 没有那个文件或目录
mv: 无法获取'temp.txt' 的文件状态(stat): 没有那个文件或目录
./tools/usualtools/del_strange0xa1.sh: 行 10: list.txt: 没有那个文件或目录
mv: 无法获取'temp.txt' 的文件状态(stat): 没有那个文件或目录
./tools/usualtools/del_strange0xa1.sh: 行 10: rt-thread/bsp/core-v-mcu/core-v-cv32e40p/figures/makefile: 没有那个文件或目录
mv: 无法获取'temp.txt' 的文件状态(stat): 没有那个文件或目录
./tools/usualtools/del_strange0xa1.sh: 行 10: project.png: 没有那个文件或目录
mv: 无法获取'temp.txt' 的文件状态(stat): 没有那个文件或目录
./tools/usualtools/del_strange0xa1.sh: 行 10: rt-thread/bsp/core-v-mcu/core-v-cv32e40p/figures/register: 没有那个文件或目录
mv: 无法获取'temp.txt' 的文件状态(stat): 没有那个文件或目录
./tools/usualtools/del_strange0xa1.sh: 行 10: file.png: 没有那个文件或目录
mv: 无法获取'temp.txt' 的文件状态(stat): 没有那个文件或目录
./tools/usualtools/del_strange0xa1.sh: 行 10: rt-thread/bsp/core-v-mcu/core-v-cv32e40p/figures/compilation: 没有那个文件或目录
mv: 无法获取'temp.txt' 的文件状态(stat): 没有那个文件或目录
./tools/usualtools/del_strange0xa1.sh: 行 10: result: 没有那个文件或目录
mv: 无法获取'temp.txt' 的文件状态(stat): 没有那个文件或目录
./tools/usualtools/del_strange0xa1.sh: 行 10: of: 没有那个文件或目录
mv: 无法获取'temp.txt' 的文件状态(stat): 没有那个文件或目录
./tools/usualtools/del_strange0xa1.sh: 行 10: core-v-mcu: 没有那个文件或目录
mv: 无法获取'temp.txt' 的文件状态(stat): 没有那个文件或目录
./tools/usualtools/del_strange0xa1.sh: 行 10: .png: 没有那个文件或目录
mv: 无法获取'temp.txt' 的文件状态(stat): 没有那个文件或目录
./tools/usualtools/del_strange0xa1.sh: 行 10: rt-thread/bsp/core-v-mcu/core-v-cv32e40p/figures/remove: 没有那个文件或目录
mv: 无法获取'temp.txt' 的文件状态(stat): 没有那个文件或目录
./tools/usualtools/del_strange0xa1.sh: 行 10: ifdef.png: 没有那个文件或目录
mv: 无法获取'temp.txt' 的文件状态(stat): 没有那个文件或目录
./tools/usualtools/del_strange0xa1.sh: 行 10: rt-thread/bsp/stm32/libraries/STM32MPxx_HAL/CMSIS/Device/ST/STM32MP1xx/Source/Templates/gcc/startup_stm32mp151axx_cm4: 没有那个文件或目录
mv: 无法获取'temp.txt' 的文件状态(stat): 没有那个文件或目录
./tools/usualtools/del_strange0xa1.sh: 行 10: .s: 没有那个文件或目录
mv: 无法获取'temp.txt' 的文件状态(stat): 没有那个文件或目录
./tools/usualtools/del_strange0xa1.sh: 行 10: rt-thread/bsp/stm32/libraries/STM32U5xx_HAL/CMSIS/Device/ST/STM32U5xx/_htmresc/Add: 没有那个文件或目录
mv: 无法获取'temp.txt' 的文件状态(stat): 没有那个文件或目录
./tools/usualtools/del_strange0xa1.sh: 行 10: button.svg: 没有那个文件或目录
mv: 无法获取'temp.txt' 的文件状态(stat): 没有那个文件或目录
./tools/usualtools/del_strange0xa1.sh: 行 10: rt-thread/bsp/stm32/libraries/STM32L5xx_HAL/CMSIS/Device/ST/STM32L5xx/_htmresc/Add: 没有那个文件或目录
mv: 无法获取'temp.txt' 的文件状态(stat): 没有那个文件或目录
./tools/usualtools/del_strange0xa1.sh: 行 10: button.svg: 没有那个文件或目录
mv: 无法获取'temp.txt' 的文件状态(stat): 没有那个文件或目录
./tools/usualtools/del_strange0xa1.sh: 行 10: rt-thread/bsp/stm32/docs/How: 没有那个文件或目录
mv: 无法获取'temp.txt' 的文件状态(stat): 没有那个文件或目录
./tools/usualtools/del_strange0xa1.sh: 行 10: to: 没有那个文件或目录
mv: 无法获取'temp.txt' 的文件状态(stat): 没有那个文件或目录
./tools/usualtools/del_strange0xa1.sh: 行 10: make: 没有那个文件或目录
mv: 无法获取'temp.txt' 的文件状态(stat): 没有那个文件或目录
./tools/usualtools/del_strange0xa1.sh: 行 10: a: 没有那个文件或目录
mv: 无法获取'temp.txt' 的文件状态(stat): 没有那个文件或目录
./tools/usualtools/del_strange0xa1.sh: 行 10: STM32: 没有那个文件或目录
mv: 无法获取'temp.txt' 的文件状态(stat): 没有那个文件或目录
./tools/usualtools/del_strange0xa1.sh: 行 10: BSP: 没有那个文件或目录
mv: 无法获取'temp.txt' 的文件状态(stat): 没有那个文件或目录
./tools/usualtools/del_strange0xa1.sh: 行 10: for: 没有那个文件或目录
mv: 无法获取'temp.txt' 的文件状态(stat): 没有那个文件或目录
./tools/usualtools/del_strange0xa1.sh: 行 10: RT-Thread.md: 没有那个文件或目录
mv: 无法获取'temp.txt' 的文件状态(stat): 没有那个文件或目录
./tools/usualtools/del_strange0xa1.sh: 行 10: rt-thread/bsp/stm32/stm32f103-blue-pill/documents/Beginning: 没有那个文件或目录
mv: 无法获取'temp.txt' 的文件状态(stat): 没有那个文件或目录
./tools/usualtools/del_strange0xa1.sh: 行 10: STM32: 没有那个文件或目录
mv: 无法获取'temp.txt' 的文件状态(stat): 没有那个文件或目录
./tools/usualtools/del_strange0xa1.sh: 行 10: (excerpt).pdf: 没有那个文件或目录
mv: 无法获取'temp.txt' 的文件状态(stat): 没有那个文件或目录
./tools/usualtools/del_strange0xa1.sh: 行 10: rt-thread/bsp/mm32l3xx/figures/MM32: 没有那个文件或目录
mv: 无法获取'temp.txt' 的文件状态(stat): 没有那个文件或目录
./tools/usualtools/del_strange0xa1.sh: 行 10: MiniBoard: 没有那个文件或目录
mv: 无法获取'temp.txt' 的文件状态(stat): 没有那个文件或目录
./tools/usualtools/del_strange0xa1.sh: 行 10: Rev.D2_1.jpg: 没有那个文件或目录
mv: 无法获取'temp.txt' 的文件状态(stat): 没有那个文件或目录
./tools/usualtools/del_strange0xa1.sh: 行 10: rt-thread/bsp/mm32l3xx/figures/MM32: 没有那个文件或目录
mv: 无法获取'temp.txt' 的文件状态(stat): 没有那个文件或目录
./tools/usualtools/del_strange0xa1.sh: 行 10: MiniBoard: 没有那个文件或目录
mv: 无法获取'temp.txt' 的文件状态(stat): 没有那个文件或目录
./tools/usualtools/del_strange0xa1.sh: 行 10: Rev.D2_2.jpg: 没有那个文件或目录
mv: 无法获取'temp.txt' 的文件状态(stat): 没有那个文件或目录
./tools/usualtools/del_strange0xa1.sh: 行 10: rt-thread/bsp/mm32l3xx/Libraries/MM32L3xx/change: 没有那个文件或目录
mv: 无法获取'temp.txt' 的文件状态(stat): 没有那个文件或目录
./tools/usualtools/del_strange0xa1.sh: 行 10: list.txt: 没有那个文件或目录
mv: 无法获取'temp.txt' 的文件状态(stat): 没有那个文件或目录
./tools/usualtools/del_strange0xa1.sh: 行 10: rt-thread/bsp/efm32/Libraries/CMSIS/CMSIS: 没有那个文件或目录
mv: 无法获取'temp.txt' 的文件状态(stat): 没有那个文件或目录
./tools/usualtools/del_strange0xa1.sh: 行 10: END: 没有那个文件或目录
mv: 无法获取'temp.txt' 的文件状态(stat): 没有那个文件或目录
./tools/usualtools/del_strange0xa1.sh: 行 10: USER: 没有那个文件或目录
mv: 无法获取'temp.txt' 的文件状态(stat): 没有那个文件或目录
./tools/usualtools/del_strange0xa1.sh: 行 10: LICENCE: 没有那个文件或目录
mv: 无法获取'temp.txt' 的文件状态(stat): 没有那个文件或目录
./tools/usualtools/del_strange0xa1.sh: 行 10: AGREEMENT.pdf: 没有那个文件或目录
mv: 无法获取'temp.txt' 的文件状态(stat): 没有那个文件或目录
./tools/usualtools/del_strange0xa1.sh: 行 10: rt-thread/bsp/imx6sx/iMX6_Platform_SDK/sdk/drivers/sdma/doc/SDMA: 没有那个文件或目录
mv: 无法获取'temp.txt' 的文件状态(stat): 没有那个文件或目录
./tools/usualtools/del_strange0xa1.sh: 行 10: SDK: 没有那个文件或目录
mv: 无法获取'temp.txt' 的文件状态(stat): 没有那个文件或目录
./tools/usualtools/del_strange0xa1.sh: 行 10: User: 没有那个文件或目录
mv: 无法获取'temp.txt' 的文件状态(stat): 没有那个文件或目录
./tools/usualtools/del_strange0xa1.sh: 行 10: Guide.doc: 没有那个文件或目录
mv: 无法获取'temp.txt' 的文件状态(stat): 没有那个文件或目录
./tools/usualtools/del_strange0xa1.sh: 行 10: rt-thread/bsp/imxrt/docs/AN13232: 没有那个文件或目录
mv: 无法获取'temp.txt' 的文件状态(stat): 没有那个文件或目录
./tools/usualtools/del_strange0xa1.sh: 行 10: -: 没有那个文件或目录
mv: 无法获取'temp.txt' 的文件状态(stat): 没有那个文件或目录
./tools/usualtools/del_strange0xa1.sh: 行 10: RT-Thread: 没有那个文件或目录
mv: 无法获取'temp.txt' 的文件状态(stat): 没有那个文件或目录
./tools/usualtools/del_strange0xa1.sh: 行 10: Board: 没有那个文件或目录
mv: 无法获取'temp.txt' 的文件状态(stat): 没有那个文件或目录
./tools/usualtools/del_strange0xa1.sh: 行 10: Port: 没有那个文件或目录
mv: 无法获取'temp.txt' 的文件状态(stat): 没有那个文件或目录
./tools/usualtools/del_strange0xa1.sh: 行 10: and: 没有那个文件或目录
mv: 无法获取'temp.txt' 的文件状态(stat): 没有那个文件或目录
./tools/usualtools/del_strange0xa1.sh: 行 10: Application: 没有那个文件或目录
mv: 无法获取'temp.txt' 的文件状态(stat): 没有那个文件或目录
./tools/usualtools/del_strange0xa1.sh: 行 10: Development.pdf: 没有那个文件或目录
mv: 无法获取'temp.txt' 的文件状态(stat): 没有那个文件或目录
./tools/usualtools/del_strange0xa1.sh: 行 10: rt-thread/bsp/Infineon/psoc6-pioneerkit_modus/.mtbLaunchConfigs/psoc6-pioneerkit_modus: 没有那个文件或目录
mv: 无法获取'temp.txt' 的文件状态(stat): 没有那个文件或目录
./tools/usualtools/del_strange0xa1.sh: 行 10: Erase: 没有那个文件或目录
mv: 无法获取'temp.txt' 的文件状态(stat): 没有那个文件或目录
./tools/usualtools/del_strange0xa1.sh: 行 10: (KitProg3).launch: 没有那个文件或目录
mv: 无法获取'temp.txt' 的文件状态(stat): 没有那个文件或目录
./tools/usualtools/del_strange0xa1.sh: 行 10: rt-thread/bsp/Infineon/psoc6-pioneerkit_modus/.mtbLaunchConfigs/psoc6-pioneerkit_modus: 没有那个文件或目录
mv: 无法获取'temp.txt' 的文件状态(stat): 没有那个文件或目录
./tools/usualtools/del_strange0xa1.sh: 行 10: Attach: 没有那个文件或目录
mv: 无法获取'temp.txt' 的文件状态(stat): 没有那个文件或目录
./tools/usualtools/del_strange0xa1.sh: 行 10: (KitProg3).launch: 没有那个文件或目录
mv: 无法获取'temp.txt' 的文件状态(stat): 没有那个文件或目录
./tools/usualtools/del_strange0xa1.sh: 行 10: rt-thread/bsp/Infineon/psoc6-pioneerkit_modus/.mtbLaunchConfigs/psoc6-pioneerkit_modus: 没有那个文件或目录
mv: 无法获取'temp.txt' 的文件状态(stat): 没有那个文件或目录
./tools/usualtools/del_strange0xa1.sh: 行 10: Program: 没有那个文件或目录
mv: 无法获取'temp.txt' 的文件状态(stat): 没有那个文件或目录
./tools/usualtools/del_strange0xa1.sh: 行 10: (JLink).launch: 没有那个文件或目录
mv: 无法获取'temp.txt' 的文件状态(stat): 没有那个文件或目录
./tools/usualtools/del_strange0xa1.sh: 行 10: rt-thread/bsp/Infineon/psoc6-pioneerkit_modus/.mtbLaunchConfigs/psoc6-pioneerkit_modus: 没有那个文件或目录
mv: 无法获取'temp.txt' 的文件状态(stat): 没有那个文件或目录
./tools/usualtools/del_strange0xa1.sh: 行 10: Debug: 没有那个文件或目录
mv: 无法获取'temp.txt' 的文件状态(stat): 没有那个文件或目录
./tools/usualtools/del_strange0xa1.sh: 行 10: (KitProg3).launch: 没有那个文件或目录
mv: 无法获取'temp.txt' 的文件状态(stat): 没有那个文件或目录
./tools/usualtools/del_strange0xa1.sh: 行 10: rt-thread/bsp/Infineon/psoc6-pioneerkit_modus/.mtbLaunchConfigs/psoc6-pioneerkit_modus: 没有那个文件或目录
mv: 无法获取'temp.txt' 的文件状态(stat): 没有那个文件或目录
./tools/usualtools/del_strange0xa1.sh: 行 10: Attach: 没有那个文件或目录
mv: 无法获取'temp.txt' 的文件状态(stat): 没有那个文件或目录
./tools/usualtools/del_strange0xa1.sh: 行 10: (JLink).launch: 没有那个文件或目录
mv: 无法获取'temp.txt' 的文件状态(stat): 没有那个文件或目录
./tools/usualtools/del_strange0xa1.sh: 行 10: rt-thread/bsp/Infineon/psoc6-pioneerkit_modus/.mtbLaunchConfigs/psoc6-pioneerkit_modus: 没有那个文件或目录
mv: 无法获取'temp.txt' 的文件状态(stat): 没有那个文件或目录
./tools/usualtools/del_strange0xa1.sh: 行 10: Debug: 没有那个文件或目录
mv: 无法获取'temp.txt' 的文件状态(stat): 没有那个文件或目录
./tools/usualtools/del_strange0xa1.sh: 行 10: (JLink).launch: 没有那个文件或目录
mv: 无法获取'temp.txt' 的文件状态(stat): 没有那个文件或目录
./tools/usualtools/del_strange0xa1.sh: 行 10: rt-thread/bsp/Infineon/psoc6-pioneerkit_modus/.mtbLaunchConfigs/psoc6-pioneerkit_modus: 没有那个文件或目录
mv: 无法获取'temp.txt' 的文件状态(stat): 没有那个文件或目录
./tools/usualtools/del_strange0xa1.sh: 行 10: Program: 没有那个文件或目录
mv: 无法获取'temp.txt' 的文件状态(stat): 没有那个文件或目录
./tools/usualtools/del_strange0xa1.sh: 行 10: (KitProg3).launch: 没有那个文件或目录
mv: 无法获取'temp.txt' 的文件状态(stat): 没有那个文件或目录
./tools/usualtools/del_strange0xa1.sh: 行 10: rt-thread/bsp/Infineon/psoc6-pioneerkit_modus/.mtbLaunchConfigs/psoc6-pioneerkit_modus: 没有那个文件或目录
mv: 无法获取'temp.txt' 的文件状态(stat): 没有那个文件或目录
./tools/usualtools/del_strange0xa1.sh: 行 10: Erase: 没有那个文件或目录
mv: 无法获取'temp.txt' 的文件状态(stat): 没有那个文件或目录
./tools/usualtools/del_strange0xa1.sh: 行 10: (JLink).launch: 没有那个文件或目录
mv: 无法获取'temp.txt' 的文件状态(stat): 没有那个文件或目录
./tools/usualtools/del_strange0xa1.sh: 行 10: rt-thread/bsp/Infineon/psoc6-pioneerkit_modus/libs/psoc6make/make/scripts/eclipse/Debug: 没有那个文件或目录
mv: 无法获取'temp.txt' 的文件状态(stat): 没有那个文件或目录
./tools/usualtools/del_strange0xa1.sh: 行 10: (JLink).xml: 没有那个文件或目录
mv: 无法获取'temp.txt' 的文件状态(stat): 没有那个文件或目录
./tools/usualtools/del_strange0xa1.sh: 行 10: rt-thread/bsp/Infineon/psoc6-pioneerkit_modus/libs/psoc6make/make/scripts/eclipse/Program: 没有那个文件或目录
mv: 无法获取'temp.txt' 的文件状态(stat): 没有那个文件或目录
./tools/usualtools/del_strange0xa1.sh: 行 10: (KitProg3).xml: 没有那个文件或目录
mv: 无法获取'temp.txt' 的文件状态(stat): 没有那个文件或目录
./tools/usualtools/del_strange0xa1.sh: 行 10: rt-thread/bsp/Infineon/psoc6-pioneerkit_modus/libs/psoc6make/make/scripts/eclipse/Erase: 没有那个文件或目录
mv: 无法获取'temp.txt' 的文件状态(stat): 没有那个文件或目录
./tools/usualtools/del_strange0xa1.sh: 行 10: (KitProg3).xml: 没有那个文件或目录
mv: 无法获取'temp.txt' 的文件状态(stat): 没有那个文件或目录
./tools/usualtools/del_strange0xa1.sh: 行 10: rt-thread/bsp/Infineon/psoc6-pioneerkit_modus/libs/psoc6make/make/scripts/eclipse/Attach: 没有那个文件或目录
mv: 无法获取'temp.txt' 的文件状态(stat): 没有那个文件或目录
./tools/usualtools/del_strange0xa1.sh: 行 10: (JLink).xml: 没有那个文件或目录
mv: 无法获取'temp.txt' 的文件状态(stat): 没有那个文件或目录
./tools/usualtools/del_strange0xa1.sh: 行 10: rt-thread/bsp/Infineon/psoc6-pioneerkit_modus/libs/psoc6make/make/scripts/eclipse/Program: 没有那个文件或目录
mv: 无法获取'temp.txt' 的文件状态(stat): 没有那个文件或目录
./tools/usualtools/del_strange0xa1.sh: 行 10: (JLink).xml: 没有那个文件或目录
mv: 无法获取'temp.txt' 的文件状态(stat): 没有那个文件或目录
./tools/usualtools/del_strange0xa1.sh: 行 10: rt-thread/bsp/Infineon/psoc6-pioneerkit_modus/libs/psoc6make/make/scripts/eclipse/Erase: 没有那个文件或目录
mv: 无法获取'temp.txt' 的文件状态(stat): 没有那个文件或目录
./tools/usualtools/del_strange0xa1.sh: 行 10: (JLink).xml: 没有那个文件或目录
mv: 无法获取'temp.txt' 的文件状态(stat): 没有那个文件或目录
./tools/usualtools/del_strange0xa1.sh: 行 10: rt-thread/bsp/Infineon/psoc6-pioneerkit_modus/libs/psoc6make/make/scripts/eclipse/Attach: 没有那个文件或目录
mv: 无法获取'temp.txt' 的文件状态(stat): 没有那个文件或目录
./tools/usualtools/del_strange0xa1.sh: 行 10: (KitProg3).xml: 没有那个文件或目录
mv: 无法获取'temp.txt' 的文件状态(stat): 没有那个文件或目录
./tools/usualtools/del_strange0xa1.sh: 行 10: rt-thread/bsp/Infineon/psoc6-pioneerkit_modus/libs/psoc6make/make/scripts/eclipse/Debug: 没有那个文件或目录
mv: 无法获取'temp.txt' 的文件状态(stat): 没有那个文件或目录
./tools/usualtools/del_strange0xa1.sh: 行 10: (KitProg3).xml: 没有那个文件或目录
mv: 无法获取'temp.txt' 的文件状态(stat): 没有那个文件或目录
./tools/usualtools/del_strange0xa1.sh: 行 10: rt-thread/bsp/mm32f103x/figures/MM32: 没有那个文件或目录
mv: 无法获取'temp.txt' 的文件状态(stat): 没有那个文件或目录
./tools/usualtools/del_strange0xa1.sh: 行 10: MiniBoard: 没有那个文件或目录
mv: 无法获取'temp.txt' 的文件状态(stat): 没有那个文件或目录
./tools/usualtools/del_strange0xa1.sh: 行 10: Rev.D2_1.jpg: 没有那个文件或目录
mv: 无法获取'temp.txt' 的文件状态(stat): 没有那个文件或目录
./tools/usualtools/del_strange0xa1.sh: 行 10: rt-thread/bsp/mm32f103x/figures/MM32: 没有那个文件或目录
mv: 无法获取'temp.txt' 的文件状态(stat): 没有那个文件或目录
./tools/usualtools/del_strange0xa1.sh: 行 10: MiniBoard: 没有那个文件或目录
mv: 无法获取'temp.txt' 的文件状态(stat): 没有那个文件或目录
./tools/usualtools/del_strange0xa1.sh: 行 10: Rev.D2_2.jpg: 没有那个文件或目录
mv: 无法获取'temp.txt' 的文件状态(stat): 没有那个文件或目录
./tools/usualtools/del_strange0xa1.sh: 行 10: rt-thread/bsp/apollo2/apollo2: 没有那个文件或目录
mv: 无法获取'temp.txt' 的文件状态(stat): 没有那个文件或目录
./tools/usualtools/del_strange0xa1.sh: 行 10: evaluation: 没有那个文件或目录
mv: 无法获取'temp.txt' 的文件状态(stat): 没有那个文件或目录
./tools/usualtools/del_strange0xa1.sh: 行 10: board: 没有那个文件或目录
mv: 无法获取'temp.txt' 的文件状态(stat): 没有那个文件或目录
./tools/usualtools/del_strange0xa1.sh: 行 10: skt.jpg: 没有那个文件或目录
mv: 无法获取'temp.txt' 的文件状态(stat): 没有那个文件或目录
./tools/usualtools/del_strange0xa1.sh: 行 10: rt-thread/bsp/mm32l07x/figures/MM32: 没有那个文件或目录
mv: 无法获取'temp.txt' 的文件状态(stat): 没有那个文件或目录
./tools/usualtools/del_strange0xa1.sh: 行 10: MiniBoard: 没有那个文件或目录
mv: 无法获取'temp.txt' 的文件状态(stat): 没有那个文件或目录
./tools/usualtools/del_strange0xa1.sh: 行 10: Rev.D2_1.jpg: 没有那个文件或目录
mv: 无法获取'temp.txt' 的文件状态(stat): 没有那个文件或目录
./tools/usualtools/del_strange0xa1.sh: 行 10: rt-thread/bsp/mm32l07x/figures/MM32: 没有那个文件或目录
mv: 无法获取'temp.txt' 的文件状态(stat): 没有那个文件或目录
./tools/usualtools/del_strange0xa1.sh: 行 10: MiniBoard: 没有那个文件或目录
mv: 无法获取'temp.txt' 的文件状态(stat): 没有那个文件或目录
./tools/usualtools/del_strange0xa1.sh: 行 10: Rev.D2_2.jpg: 没有那个文件或目录
mv: 无法获取'temp.txt' 的文件状态(stat): 没有那个文件或目录
./tools/usualtools/del_strange0xa1.sh: 行 10: rt-thread/bsp/mm32l07x/Libraries/MM32L0xx/change: 没有那个文件或目录
mv: 无法获取'temp.txt' 的文件状态(stat): 没有那个文件或目录
./tools/usualtools/del_strange0xa1.sh: 行 10: list.txt: 没有那个文件或目录
mv: 无法获取'temp.txt' 的文件状态(stat): 没有那个文件或目录
./tools/usualtools/del_strange0xa1.sh: 行 10: rt-thread/bsp/core-v-mcu/core-v-cv32e40p/figures/makefile: 没有那个文件或目录
mv: 无法获取'temp.txt' 的文件状态(stat): 没有那个文件或目录
./tools/usualtools/del_strange0xa1.sh: 行 10: project.png: 没有那个文件或目录
mv: 无法获取'temp.txt' 的文件状态(stat): 没有那个文件或目录
./tools/usualtools/del_strange0xa1.sh: 行 10: rt-thread/bsp/core-v-mcu/core-v-cv32e40p/figures/register: 没有那个文件或目录
mv: 无法获取'temp.txt' 的文件状态(stat): 没有那个文件或目录
./tools/usualtools/del_strange0xa1.sh: 行 10: file.png: 没有那个文件或目录
mv: 无法获取'temp.txt' 的文件状态(stat): 没有那个文件或目录
./tools/usualtools/del_strange0xa1.sh: 行 10: rt-thread/bsp/core-v-mcu/core-v-cv32e40p/figures/compilation: 没有那个文件或目录
mv: 无法获取'temp.txt' 的文件状态(stat): 没有那个文件或目录
./tools/usualtools/del_strange0xa1.sh: 行 10: result: 没有那个文件或目录
mv: 无法获取'temp.txt' 的文件状态(stat): 没有那个文件或目录
./tools/usualtools/del_strange0xa1.sh: 行 10: of: 没有那个文件或目录
mv: 无法获取'temp.txt' 的文件状态(stat): 没有那个文件或目录
./tools/usualtools/del_strange0xa1.sh: 行 10: core-v-mcu: 没有那个文件或目录
mv: 无法获取'temp.txt' 的文件状态(stat): 没有那个文件或目录
./tools/usualtools/del_strange0xa1.sh: 行 10: .png: 没有那个文件或目录
mv: 无法获取'temp.txt' 的文件状态(stat): 没有那个文件或目录
./tools/usualtools/del_strange0xa1.sh: 行 10: rt-thread/bsp/core-v-mcu/core-v-cv32e40p/figures/remove: 没有那个文件或目录
mv: 无法获取'temp.txt' 的文件状态(stat): 没有那个文件或目录
./tools/usualtools/del_strange0xa1.sh: 行 10: ifdef.png: 没有那个文件或目录
mv: 无法获取'temp.txt' 的文件状态(stat): 没有那个文件或目录
./tools/usualtools/del_strange0xa1.sh: 行 10: rt-thread/bsp/stm32/libraries/STM32MPxx_HAL/CMSIS/Device/ST/STM32MP1xx/Source/Templates/gcc/startup_stm32mp151axx_cm4: 没有那个文件或目录
mv: 无法获取'temp.txt' 的文件状态(stat): 没有那个文件或目录
./tools/usualtools/del_strange0xa1.sh: 行 10: .s: 没有那个文件或目录
mv: 无法获取'temp.txt' 的文件状态(stat): 没有那个文件或目录
./tools/usualtools/del_strange0xa1.sh: 行 10: rt-thread/bsp/stm32/libraries/STM32U5xx_HAL/CMSIS/Device/ST/STM32U5xx/_htmresc/Add: 没有那个文件或目录
mv: 无法获取'temp.txt' 的文件状态(stat): 没有那个文件或目录
./tools/usualtools/del_strange0xa1.sh: 行 10: button.svg: 没有那个文件或目录
mv: 无法获取'temp.txt' 的文件状态(stat): 没有那个文件或目录
./tools/usualtools/del_strange0xa1.sh: 行 10: rt-thread/bsp/stm32/libraries/STM32L5xx_HAL/CMSIS/Device/ST/STM32L5xx/_htmresc/Add: 没有那个文件或目录
mv: 无法获取'temp.txt' 的文件状态(stat): 没有那个文件或目录
./tools/usualtools/del_strange0xa1.sh: 行 10: button.svg: 没有那个文件或目录
mv: 无法获取'temp.txt' 的文件状态(stat): 没有那个文件或目录
./tools/usualtools/del_strange0xa1.sh: 行 10: rt-thread/bsp/stm32/docs/How: 没有那个文件或目录
mv: 无法获取'temp.txt' 的文件状态(stat): 没有那个文件或目录
./tools/usualtools/del_strange0xa1.sh: 行 10: to: 没有那个文件或目录
mv: 无法获取'temp.txt' 的文件状态(stat): 没有那个文件或目录
./tools/usualtools/del_strange0xa1.sh: 行 10: make: 没有那个文件或目录
mv: 无法获取'temp.txt' 的文件状态(stat): 没有那个文件或目录
./tools/usualtools/del_strange0xa1.sh: 行 10: a: 没有那个文件或目录
mv: 无法获取'temp.txt' 的文件状态(stat): 没有那个文件或目录
./tools/usualtools/del_strange0xa1.sh: 行 10: STM32: 没有那个文件或目录
mv: 无法获取'temp.txt' 的文件状态(stat): 没有那个文件或目录
./tools/usualtools/del_strange0xa1.sh: 行 10: BSP: 没有那个文件或目录
mv: 无法获取'temp.txt' 的文件状态(stat): 没有那个文件或目录
./tools/usualtools/del_strange0xa1.sh: 行 10: for: 没有那个文件或目录
mv: 无法获取'temp.txt' 的文件状态(stat): 没有那个文件或目录
./tools/usualtools/del_strange0xa1.sh: 行 10: RT-Thread.md: 没有那个文件或目录
mv: 无法获取'temp.txt' 的文件状态(stat): 没有那个文件或目录
./tools/usualtools/del_strange0xa1.sh: 行 10: rt-thread/bsp/stm32/stm32f103-blue-pill/documents/Beginning: 没有那个文件或目录
mv: 无法获取'temp.txt' 的文件状态(stat): 没有那个文件或目录
./tools/usualtools/del_strange0xa1.sh: 行 10: STM32: 没有那个文件或目录
mv: 无法获取'temp.txt' 的文件状态(stat): 没有那个文件或目录
./tools/usualtools/del_strange0xa1.sh: 行 10: (excerpt).pdf: 没有那个文件或目录
mv: 无法获取'temp.txt' 的文件状态(stat): 没有那个文件或目录
./tools/usualtools/del_strange0xa1.sh: 行 10: rt-thread/bsp/mm32l3xx/figures/MM32: 没有那个文件或目录
mv: 无法获取'temp.txt' 的文件状态(stat): 没有那个文件或目录
./tools/usualtools/del_strange0xa1.sh: 行 10: MiniBoard: 没有那个文件或目录
mv: 无法获取'temp.txt' 的文件状态(stat): 没有那个文件或目录
./tools/usualtools/del_strange0xa1.sh: 行 10: Rev.D2_1.jpg: 没有那个文件或目录
mv: 无法获取'temp.txt' 的文件状态(stat): 没有那个文件或目录
./tools/usualtools/del_strange0xa1.sh: 行 10: rt-thread/bsp/mm32l3xx/figures/MM32: 没有那个文件或目录
mv: 无法获取'temp.txt' 的文件状态(stat): 没有那个文件或目录
./tools/usualtools/del_strange0xa1.sh: 行 10: MiniBoard: 没有那个文件或目录
mv: 无法获取'temp.txt' 的文件状态(stat): 没有那个文件或目录
./tools/usualtools/del_strange0xa1.sh: 行 10: Rev.D2_2.jpg: 没有那个文件或目录
mv: 无法获取'temp.txt' 的文件状态(stat): 没有那个文件或目录
./tools/usualtools/del_strange0xa1.sh: 行 10: rt-thread/bsp/mm32l3xx/Libraries/MM32L3xx/change: 没有那个文件或目录
mv: 无法获取'temp.txt' 的文件状态(stat): 没有那个文件或目录
./tools/usualtools/del_strange0xa1.sh: 行 10: list.txt: 没有那个文件或目录
mv: 无法获取'temp.txt' 的文件状态(stat): 没有那个文件或目录
./tools/usualtools/del_strange0xa1.sh: 行 10: rt-thread/bsp/efm32/Libraries/CMSIS/CMSIS: 没有那个文件或目录
mv: 无法获取'temp.txt' 的文件状态(stat): 没有那个文件或目录
./tools/usualtools/del_strange0xa1.sh: 行 10: END: 没有那个文件或目录
mv: 无法获取'temp.txt' 的文件状态(stat): 没有那个文件或目录
./tools/usualtools/del_strange0xa1.sh: 行 10: USER: 没有那个文件或目录
mv: 无法获取'temp.txt' 的文件状态(stat): 没有那个文件或目录
./tools/usualtools/del_strange0xa1.sh: 行 10: LICENCE: 没有那个文件或目录
mv: 无法获取'temp.txt' 的文件状态(stat): 没有那个文件或目录
./tools/usualtools/del_strange0xa1.sh: 行 10: AGREEMENT.pdf: 没有那个文件或目录
mv: 无法获取'temp.txt' 的文件状态(stat): 没有那个文件或目录
